[32m2024-10-11 05:51:24 +0000[0m - dagster - [34mDEBUG[0m - __ASSET_JOB - 3dd09ad1-1bdc-422b-90f3-dc868fe7fb4f - 4924 - LOGS_CAPTURED - Started capturing logs in process (pid: 4924).
[32m2024-10-11 05:51:24 +0000[0m - dagster - [34mDEBUG[0m - __ASSET_JOB - 3dd09ad1-1bdc-422b-90f3-dc868fe7fb4f - 4924 - dbtlearn_dbt_assets - STEP_START - Started execution of step "dbtlearn_dbt_assets".
[32m2024-10-11 05:51:25 +0000[0m - dagster - [34mINFO[0m - __ASSET_JOB - 3dd09ad1-1bdc-422b-90f3-dc868fe7fb4f - dbtlearn_dbt_assets - A dbt subsetted execution is not being performed. Using the default dbt selection arguments `['--select', 'fqn:*']`.
[32m2024-10-11 05:51:25 +0000[0m - dagster - [34mINFO[0m - __ASSET_JOB - 3dd09ad1-1bdc-422b-90f3-dc868fe7fb4f - dbtlearn_dbt_assets - Copying `/workspaces/dbt-bootcamp-codespace/dbtlearn/target/partial_parse.msgpack` to `/workspaces/dbt-bootcamp-codespace/dbtlearn/target/dbtlearn_dbt_assets-3dd09ad-69429f6/partial_parse.msgpack` to take advantage of partial parsing.
[32m2024-10-11 05:51:25 +0000[0m - dagster - [34mINFO[0m - __ASSET_JOB - 3dd09ad1-1bdc-422b-90f3-dc868fe7fb4f - dbtlearn_dbt_assets - Running dbt command: `dbt build --select fqn:*`.
[32m2024-10-11 05:51:37 +0000[0m - dagster - [34mDEBUG[0m - __ASSET_JOB - 3dd09ad1-1bdc-422b-90f3-dc868fe7fb4f - 4924 - dbtlearn_dbt_assets - ASSET_OBSERVATION - DagsterEventType.ASSET_OBSERVATION for step dbtlearn_dbt_assets
[32m2024-10-11 05:51:38 +0000[0m - dagster - [34mDEBUG[0m - __ASSET_JOB - 3dd09ad1-1bdc-422b-90f3-dc868fe7fb4f - 4924 - dbtlearn_dbt_assets - ASSET_OBSERVATION - DagsterEventType.ASSET_OBSERVATION for step dbtlearn_dbt_assets
[32m2024-10-11 05:51:40 +0000[0m - dagster - [34mDEBUG[0m - __ASSET_JOB - 3dd09ad1-1bdc-422b-90f3-dc868fe7fb4f - 4924 - dbtlearn_dbt_assets - STEP_OUTPUT - Yielded output "seed_full_moon_dates" of type "Nothing". (Type check passed).
[32m2024-10-11 05:51:40 +0000[0m - dagster - [34mDEBUG[0m - __ASSET_JOB - 3dd09ad1-1bdc-422b-90f3-dc868fe7fb4f - 4924 - dbtlearn_dbt_assets - ASSET_MATERIALIZATION - Materialized value seed_full_moon_dates.
[32m2024-10-11 05:51:41 +0000[0m - dagster - [34mDEBUG[0m - __ASSET_JOB - 3dd09ad1-1bdc-422b-90f3-dc868fe7fb4f - 4924 - dbtlearn_dbt_assets - STEP_OUTPUT - Yielded output "dim_hosts_cleansed" of type "Nothing". (Type check passed).
[32m2024-10-11 05:51:42 +0000[0m - dagster - [34mDEBUG[0m - __ASSET_JOB - 3dd09ad1-1bdc-422b-90f3-dc868fe7fb4f - 4924 - dbtlearn_dbt_assets - ASSET_MATERIALIZATION - Materialized value dim_hosts_cleansed.
[32m2024-10-11 05:51:45 +0000[0m - dagster - [34mDEBUG[0m - __ASSET_JOB - 3dd09ad1-1bdc-422b-90f3-dc868fe7fb4f - 4924 - dbtlearn_dbt_assets - STEP_OUTPUT - Yielded output "fct_reviews" of type "Nothing". (Type check passed).
[32m2024-10-11 05:51:46 +0000[0m - dagster - [34mDEBUG[0m - __ASSET_JOB - 3dd09ad1-1bdc-422b-90f3-dc868fe7fb4f - 4924 - dbtlearn_dbt_assets - ASSET_MATERIALIZATION - Materialized value fct_reviews.
[32m2024-10-11 05:51:47 +0000[0m - dagster - [34mDEBUG[0m - __ASSET_JOB - 3dd09ad1-1bdc-422b-90f3-dc868fe7fb4f - 4924 - dbtlearn_dbt_assets - STEP_OUTPUT - Yielded output "scd_raw_listings" of type "Nothing". (Type check passed).
[32m2024-10-11 05:51:47 +0000[0m - dagster - [34mDEBUG[0m - __ASSET_JOB - 3dd09ad1-1bdc-422b-90f3-dc868fe7fb4f - 4924 - dbtlearn_dbt_assets - ASSET_MATERIALIZATION - Materialized value scd_raw_listings.
[32m2024-10-11 05:51:48 +0000[0m - dagster - [34mDEBUG[0m - __ASSET_JOB - 3dd09ad1-1bdc-422b-90f3-dc868fe7fb4f - 4924 - dbtlearn_dbt_assets - ASSET_OBSERVATION - DagsterEventType.ASSET_OBSERVATION for step dbtlearn_dbt_assets
[32m2024-10-11 05:51:50 +0000[0m - dagster - [34mDEBUG[0m - __ASSET_JOB - 3dd09ad1-1bdc-422b-90f3-dc868fe7fb4f - 4924 - dbtlearn_dbt_assets - ASSET_OBSERVATION - DagsterEventType.ASSET_OBSERVATION for step dbtlearn_dbt_assets
[32m2024-10-11 05:51:50 +0000[0m - dagster - [34mDEBUG[0m - __ASSET_JOB - 3dd09ad1-1bdc-422b-90f3-dc868fe7fb4f - 4924 - dbtlearn_dbt_assets - ASSET_OBSERVATION - DagsterEventType.ASSET_OBSERVATION for step dbtlearn_dbt_assets
[32m2024-10-11 05:51:52 +0000[0m - dagster - [34mDEBUG[0m - __ASSET_JOB - 3dd09ad1-1bdc-422b-90f3-dc868fe7fb4f - 4924 - dbtlearn_dbt_assets - ASSET_OBSERVATION - DagsterEventType.ASSET_OBSERVATION for step dbtlearn_dbt_assets
[32m2024-10-11 05:51:52 +0000[0m - dagster - [34mDEBUG[0m - __ASSET_JOB - 3dd09ad1-1bdc-422b-90f3-dc868fe7fb4f - 4924 - dbtlearn_dbt_assets - STEP_OUTPUT - Yielded output "dim_listings_cleansed" of type "Nothing". (Type check passed).
[32m2024-10-11 05:51:52 +0000[0m - dagster - [34mDEBUG[0m - __ASSET_JOB - 3dd09ad1-1bdc-422b-90f3-dc868fe7fb4f - 4924 - dbtlearn_dbt_assets - ASSET_MATERIALIZATION - Materialized value dim_listings_cleansed.
[32m2024-10-11 05:51:54 +0000[0m - dagster - [34mDEBUG[0m - __ASSET_JOB - 3dd09ad1-1bdc-422b-90f3-dc868fe7fb4f - 4924 - dbtlearn_dbt_assets - ASSET_OBSERVATION - DagsterEventType.ASSET_OBSERVATION for step dbtlearn_dbt_assets
[32m2024-10-11 05:51:54 +0000[0m - dagster - [34mDEBUG[0m - __ASSET_JOB - 3dd09ad1-1bdc-422b-90f3-dc868fe7fb4f - 4924 - dbtlearn_dbt_assets - ASSET_OBSERVATION - DagsterEventType.ASSET_OBSERVATION for step dbtlearn_dbt_assets
[32m2024-10-11 05:51:56 +0000[0m - dagster - [34mDEBUG[0m - __ASSET_JOB - 3dd09ad1-1bdc-422b-90f3-dc868fe7fb4f - 4924 - dbtlearn_dbt_assets - ASSET_OBSERVATION - DagsterEventType.ASSET_OBSERVATION for step dbtlearn_dbt_assets
[32m2024-10-11 05:51:56 +0000[0m - dagster - [34mDEBUG[0m - __ASSET_JOB - 3dd09ad1-1bdc-422b-90f3-dc868fe7fb4f - 4924 - dbtlearn_dbt_assets - ASSET_OBSERVATION - DagsterEventType.ASSET_OBSERVATION for step dbtlearn_dbt_assets
[32m2024-10-11 05:51:57 +0000[0m - dagster - [34mDEBUG[0m - __ASSET_JOB - 3dd09ad1-1bdc-422b-90f3-dc868fe7fb4f - 4924 - dbtlearn_dbt_assets - ASSET_OBSERVATION - DagsterEventType.ASSET_OBSERVATION for step dbtlearn_dbt_assets
[32m2024-10-11 05:51:58 +0000[0m - dagster - [34mDEBUG[0m - __ASSET_JOB - 3dd09ad1-1bdc-422b-90f3-dc868fe7fb4f - 4924 - dbtlearn_dbt_assets - ASSET_OBSERVATION - DagsterEventType.ASSET_OBSERVATION for step dbtlearn_dbt_assets
[32m2024-10-11 05:51:59 +0000[0m - dagster - [34mDEBUG[0m - __ASSET_JOB - 3dd09ad1-1bdc-422b-90f3-dc868fe7fb4f - 4924 - dbtlearn_dbt_assets - ASSET_OBSERVATION - DagsterEventType.ASSET_OBSERVATION for step dbtlearn_dbt_assets
[32m2024-10-11 05:52:00 +0000[0m - dagster - [34mDEBUG[0m - __ASSET_JOB - 3dd09ad1-1bdc-422b-90f3-dc868fe7fb4f - 4924 - dbtlearn_dbt_assets - ASSET_OBSERVATION - DagsterEventType.ASSET_OBSERVATION for step dbtlearn_dbt_assets
[32m2024-10-11 05:52:00 +0000[0m - dagster - [34mDEBUG[0m - __ASSET_JOB - 3dd09ad1-1bdc-422b-90f3-dc868fe7fb4f - 4924 - dbtlearn_dbt_assets - ASSET_OBSERVATION - DagsterEventType.ASSET_OBSERVATION for step dbtlearn_dbt_assets
[32m2024-10-11 05:52:02 +0000[0m - dagster - [34mDEBUG[0m - __ASSET_JOB - 3dd09ad1-1bdc-422b-90f3-dc868fe7fb4f - 4924 - dbtlearn_dbt_assets - ASSET_OBSERVATION - DagsterEventType.ASSET_OBSERVATION for step dbtlearn_dbt_assets
[32m2024-10-11 05:52:03 +0000[0m - dagster - [34mDEBUG[0m - __ASSET_JOB - 3dd09ad1-1bdc-422b-90f3-dc868fe7fb4f - 4924 - dbtlearn_dbt_assets - ASSET_OBSERVATION - DagsterEventType.ASSET_OBSERVATION for step dbtlearn_dbt_assets
[32m2024-10-11 05:52:03 +0000[0m - dagster - [34mDEBUG[0m - __ASSET_JOB - 3dd09ad1-1bdc-422b-90f3-dc868fe7fb4f - 4924 - dbtlearn_dbt_assets - ASSET_OBSERVATION - DagsterEventType.ASSET_OBSERVATION for step dbtlearn_dbt_assets
[32m2024-10-11 05:52:04 +0000[0m - dagster - [34mDEBUG[0m - __ASSET_JOB - 3dd09ad1-1bdc-422b-90f3-dc868fe7fb4f - 4924 - dbtlearn_dbt_assets - ASSET_OBSERVATION - DagsterEventType.ASSET_OBSERVATION for step dbtlearn_dbt_assets
[32m2024-10-11 05:52:04 +0000[0m - dagster - [34mDEBUG[0m - __ASSET_JOB - 3dd09ad1-1bdc-422b-90f3-dc868fe7fb4f - 4924 - dbtlearn_dbt_assets - ASSET_OBSERVATION - DagsterEventType.ASSET_OBSERVATION for step dbtlearn_dbt_assets
[32m2024-10-11 05:52:04 +0000[0m - dagster - [34mDEBUG[0m - __ASSET_JOB - 3dd09ad1-1bdc-422b-90f3-dc868fe7fb4f - 4924 - dbtlearn_dbt_assets - ASSET_OBSERVATION - DagsterEventType.ASSET_OBSERVATION for step dbtlearn_dbt_assets
[32m2024-10-11 05:52:07 +0000[0m - dagster - [34mDEBUG[0m - __ASSET_JOB - 3dd09ad1-1bdc-422b-90f3-dc868fe7fb4f - 4924 - dbtlearn_dbt_assets - STEP_OUTPUT - Yielded output "dim_listings_w_hosts" of type "Nothing". (Type check passed).
[32m2024-10-11 05:52:08 +0000[0m - dagster - [34mDEBUG[0m - __ASSET_JOB - 3dd09ad1-1bdc-422b-90f3-dc868fe7fb4f - 4924 - dbtlearn_dbt_assets - ASSET_MATERIALIZATION - Materialized value dim_listings_w_hosts.
[32m2024-10-11 05:52:08 +0000[0m - dagster - [34mDEBUG[0m - __ASSET_JOB - 3dd09ad1-1bdc-422b-90f3-dc868fe7fb4f - 4924 - dbtlearn_dbt_assets - STEP_OUTPUT - Yielded output "mart_fullmoon_reviews" of type "Nothing". (Type check passed).
[32m2024-10-11 05:52:09 +0000[0m - dagster - [34mDEBUG[0m - __ASSET_JOB - 3dd09ad1-1bdc-422b-90f3-dc868fe7fb4f - 4924 - dbtlearn_dbt_assets - ASSET_MATERIALIZATION - Materialized value mart_fullmoon_reviews.
[32m2024-10-11 05:52:10 +0000[0m - dagster - [34mDEBUG[0m - __ASSET_JOB - 3dd09ad1-1bdc-422b-90f3-dc868fe7fb4f - 4924 - dbtlearn_dbt_assets - ASSET_OBSERVATION - DagsterEventType.ASSET_OBSERVATION for step dbtlearn_dbt_assets
[32m2024-10-11 05:52:10 +0000[0m - dagster - [34mDEBUG[0m - __ASSET_JOB - 3dd09ad1-1bdc-422b-90f3-dc868fe7fb4f - 4924 - dbtlearn_dbt_assets - ASSET_OBSERVATION - DagsterEventType.ASSET_OBSERVATION for step dbtlearn_dbt_assets
[32m2024-10-11 05:52:12 +0000[0m - dagster - [34mDEBUG[0m - __ASSET_JOB - 3dd09ad1-1bdc-422b-90f3-dc868fe7fb4f - 4924 - dbtlearn_dbt_assets - ASSET_OBSERVATION - DagsterEventType.ASSET_OBSERVATION for step dbtlearn_dbt_assets
[32m2024-10-11 05:52:12 +0000[0m - dagster - [34mDEBUG[0m - __ASSET_JOB - 3dd09ad1-1bdc-422b-90f3-dc868fe7fb4f - 4924 - dbtlearn_dbt_assets - ASSET_OBSERVATION - DagsterEventType.ASSET_OBSERVATION for step dbtlearn_dbt_assets
[32m2024-10-11 05:52:12 +0000[0m - dagster - [34mDEBUG[0m - __ASSET_JOB - 3dd09ad1-1bdc-422b-90f3-dc868fe7fb4f - 4924 - dbtlearn_dbt_assets - ASSET_OBSERVATION - DagsterEventType.ASSET_OBSERVATION for step dbtlearn_dbt_assets
[32m2024-10-11 05:52:13 +0000[0m - dagster - [34mDEBUG[0m - __ASSET_JOB - 3dd09ad1-1bdc-422b-90f3-dc868fe7fb4f - 4924 - dbtlearn_dbt_assets - STEP_SUCCESS - Finished execution of step "dbtlearn_dbt_assets" in 48.06s.
